<?xml version="1.0" encoding="UTF-8"?>
<testsuite name="UUIdTest" tests="1" skipped="0" failures="0" errors="0" timestamp="2019-12-09T09:02:06" hostname="7JK9OQ7LAHCDEMY" time="0.005">
  <properties/>
  <testcase name="test()" classname="UUIdTest" time="0.005"/>
  <system-out><![CDATA[25f146ef-7423-48ad-8ce0-3331c868def7
]]></system-out>
  <system-err><![CDATA[]]></system-err>
</testsuite>
