<?xml version="1.0" encoding="UTF-8"?>
<testsuite name="SynParameterTest" tests="1" skipped="0" failures="0" errors="0" timestamp="2019-12-09T09:18:22" hostname="7JK9OQ7LAHCDEMY" time="0.289">
  <properties/>
  <testcase name="testfind()" classname="SynParameterTest" time="0.289"/>
  <system-out><![CDATA[]]></system-out>
  <system-err><![CDATA[]]></system-err>
</testsuite>
