<?xml version="1.0" encoding="UTF-8"?>
<testsuite name="SynParameterTest" tests="1" skipped="0" failures="0" errors="0" timestamp="2019-12-11T03:38:17" hostname="7JK9OQ7LAHCDEMY" time="0.207">
  <properties/>
  <testcase name="testfind()" classname="SynParameterTest" time="0.207"/>
  <system-out><![CDATA[data.entity.SynParameter@25cdca37
]]></system-out>
  <system-err><![CDATA[]]></system-err>
</testsuite>
