<?xml version="1.0" encoding="UTF-8"?>
<testsuite name="MainTest" tests="1" skipped="0" failures="0" errors="0" timestamp="2019-12-14T09:12:35" hostname="7JK9OQ7LAHCDEMY" time="0.039">
  <properties/>
  <testcase name="test()" classname="MainTest" time="0.039"/>
  <system-out><![CDATA[我被执行了
]]></system-out>
  <system-err><![CDATA[]]></system-err>
</testsuite>
